2025-04-18 18:59:17,787 - INFO - Начало обновления схемы базы данных
2025-04-18 18:59:17,788 - INFO - Проверка совместимости схемы базы данных
2025-04-18 18:59:17,884 - INFO - Добавление колонок в таблицу channel_participants: ['is_bot', 'updated_at', 'gender_confidence', 'gender']
2025-04-18 18:59:54,003 - INFO - Начало обновления схемы базы данных
2025-04-18 18:59:54,004 - INFO - Проверка совместимости схемы базы данных
2025-04-18 18:59:54,106 - INFO - Добавление колонок в таблицу channel_participants: ['is_bot', 'gender_confidence', 'gender', 'updated_at']
2025-04-18 18:59:54,106 - ERROR - Ошибка при обновлении схемы базы данных: Not an executable object: 'ALTER TABLE channel_participants ADD COLUMN IF NOT EXISTS is_bot BOOLEAN DEFAULT False'
2025-04-18 18:59:54,106 - ERROR - Не удалось обновить схему базы данных
2025-04-18 19:00:24,706 - INFO - Начало обновления схемы базы данных
2025-04-18 19:00:24,707 - INFO - Проверка совместимости схемы базы данных
2025-04-18 19:00:24,803 - INFO - Добавление колонок в таблицу channel_participants: ['gender', 'gender_confidence', 'is_bot', 'updated_at']
2025-04-18 20:09:35,287 - INFO - Начало обновления схемы базы данных
2025-04-18 20:09:35,287 - INFO - Проверка совместимости схемы базы данных
2025-04-18 20:10:31,120 - INFO - Начало обновления схемы базы данных
2025-04-18 20:10:31,120 - INFO - Проверка совместимости схемы базы данных
2025-04-18 20:11:11,124 - INFO - Начало обновления схемы базы данных
2025-04-18 20:11:11,124 - INFO - Проверка совместимости схемы базы данных
2025-04-18 20:11:49,977 - INFO - Начало обновления схемы базы данных
2025-04-18 20:11:50,001 - INFO - Схема базы данных успешно обновлена
2025-04-18 20:11:50,097 - INFO - Используется устройство: CUDA
2025-04-18 20:11:50,097 - INFO - Загрузка модели для определения пола...
2025-04-18 20:11:52,101 - INFO - Модель загружена успешно
2025-04-18 20:11:52,102 - INFO - Анализ пола участников для канала 2643969088
2025-04-18 20:12:58,178 - INFO - Начало обновления схемы базы данных
2025-04-18 20:12:58,204 - INFO - Схема базы данных успешно обновлена
2025-04-18 20:12:58,281 - INFO - Используется устройство: CUDA
2025-04-18 20:12:58,281 - INFO - Загрузка модели для определения пола...
2025-04-18 20:12:59,518 - INFO - Модель загружена успешно
2025-04-18 20:12:59,519 - INFO - Анализ пола участников для канала 2643969088
2025-04-18 20:13:46,763 - INFO - Начало обновления схемы базы данных
2025-04-18 20:13:46,790 - INFO - Схема базы данных успешно обновлена
2025-04-18 20:13:46,835 - INFO - Используется устройство: CUDA
2025-04-18 20:13:46,835 - INFO - Загрузка модели для определения пола...
2025-04-18 20:13:48,227 - INFO - Модель загружена успешно
2025-04-18 20:13:48,227 - INFO - Анализ пола участников для канала 2643969088
2025-04-18 20:15:03,845 - INFO - Начало обновления схемы базы данных
2025-04-18 20:15:03,872 - INFO - Схема базы данных успешно обновлена
2025-04-18 20:15:03,909 - INFO - Используется устройство: CUDA
2025-04-18 20:15:03,909 - INFO - Загрузка модели для определения пола...
2025-04-18 20:15:05,042 - INFO - Модель загружена успешно
2025-04-18 20:15:05,042 - INFO - Анализ пола участников для канала 2643969088
2025-04-18 20:15:05,042 - INFO - Запрос участников канала 2643969088
2025-04-18 20:15:38,633 - INFO - Начало обновления схемы базы данных
2025-04-18 20:15:38,660 - INFO - Схема базы данных успешно обновлена
2025-04-18 20:15:38,697 - INFO - Используется устройство: CUDA
2025-04-18 20:15:38,697 - INFO - Загрузка модели для определения пола...
2025-04-18 20:15:42,869 - INFO - Модель загружена успешно
2025-04-18 20:15:42,869 - INFO - Анализ пола участников для канала 2643969088
2025-04-18 20:15:42,869 - INFO - Запрос участников канала 2643969088
2025-04-18 20:15:42,870 - ERROR - Ошибка при получении участников канала 2643969088: Textual SQL expression "SET statement_timeout = '..." should be explicitly declared as text("SET statement_timeout = '...")
2025-04-18 20:15:42,870 - INFO - Всего участников в базе: 0
2025-04-18 20:15:42,870 - WARNING - Нет данных об участниках для канала 2643969088
2025-04-18 20:15:42,870 - INFO - Анализ пола участников для канала 1391449855
2025-04-18 20:15:42,870 - INFO - Запрос участников канала 1391449855
2025-04-18 20:15:42,870 - ERROR - Ошибка при получении участников канала 1391449855: Textual SQL expression "SET statement_timeout = '..." should be explicitly declared as text("SET statement_timeout = '...")
2025-04-18 20:15:42,870 - INFO - Всего участников в базе: 0
2025-04-18 20:15:42,870 - WARNING - Нет данных об участниках для канала 1391449855
2025-04-18 20:37:38,951 - INFO - Начало обновления схемы базы данных
2025-04-18 20:37:38,951 - INFO - Проверка совместимости схемы базы данных
2025-04-18 20:37:39,137 - INFO - Схема базы данных успешно обновлена
2025-04-18 20:37:39,187 - INFO - Используется устройство: CUDA
2025-04-18 20:37:39,187 - INFO - Загрузка модели для определения пола...
2025-04-18 20:37:40,287 - INFO - Модель загружена успешно
2025-04-18 20:37:40,287 - INFO - Анализ пола участников для канала 2643969088
2025-04-18 20:37:40,287 - INFO - Запрос участников канала 2643969088
2025-04-18 20:37:40,309 - INFO - Найдено 184 участников
2025-04-18 20:37:40,310 - INFO - Всего участников в базе: 184
2025-04-18 20:37:40,310 - INFO - Участников для анализа: 184
2025-04-18 20:37:40,310 - INFO - Начинаем определение пола участников...
2025-04-18 20:37:42,364 - INFO - Сохранение результатов в базу данных...
2025-04-18 20:37:42,967 - INFO - Результаты сохранены в базу данных
2025-04-18 20:37:42,971 - INFO - Результаты сохранены в data/gender_analysis_2643969088_20250418_203742.csv
2025-04-18 20:37:42,973 - INFO - 
Гендерное распределение для новых участников канала 2643969088:
2025-04-18 20:37:42,974 - INFO -      male: 82.07%
2025-04-18 20:37:42,974 - INFO -    female: 17.93%
2025-04-18 20:37:42,974 - INFO -   unknown: 0.00%
2025-04-18 20:37:42,974 - INFO - Анализ пола участников для канала 1391449855
2025-04-18 20:37:42,974 - INFO - Запрос участников канала 1391449855
2025-04-18 20:37:43,016 - INFO - Найдено 1252 участников
2025-04-18 20:37:43,021 - INFO - Всего участников в базе: 1252
2025-04-18 20:37:43,022 - INFO - Участников для анализа: 1252
2025-04-18 20:37:43,022 - INFO - Начинаем определение пола участников...
2025-04-18 20:37:51,132 - INFO - Сохранение результатов в базу данных...
2025-04-18 20:37:54,378 - INFO - Результаты сохранены в базу данных
2025-04-18 20:37:54,383 - INFO - Результаты сохранены в data/gender_analysis_1391449855_20250418_203754.csv
2025-04-18 20:37:54,385 - INFO - 
Гендерное распределение для новых участников канала 1391449855:
2025-04-18 20:37:54,385 - INFO -      male: 83.15%
2025-04-18 20:37:54,385 - INFO -    female: 16.85%
2025-04-18 20:37:54,385 - INFO -   unknown: 0.00%
2025-04-18 20:40:49,647 - INFO - Начало обновления схемы базы данных
2025-04-18 20:40:49,647 - INFO - Проверка совместимости схемы базы данных
2025-04-18 20:40:49,841 - INFO - Схема базы данных успешно обновлена
2025-04-18 20:40:49,882 - INFO - Используется устройство: CUDA
2025-04-18 20:40:49,882 - INFO - Загрузка модели для определения пола...
2025-04-18 20:40:50,971 - INFO - Модель загружена успешно
2025-04-18 20:40:50,971 - INFO - Анализ пола участников для канала 2643969088
2025-04-18 20:40:50,971 - INFO - Запрос участников канала 2643969088
2025-04-18 20:40:50,989 - INFO - Найдено 184 участников
2025-04-18 20:40:50,990 - INFO - Всего участников в базе: 184
2025-04-18 20:40:50,990 - INFO - Участников для анализа: 184
2025-04-18 20:40:50,990 - INFO - Начинаем определение пола участников...
2025-04-18 20:40:53,092 - INFO - Сохранение результатов в базу данных...
2025-04-18 20:40:53,566 - INFO - Результаты сохранены в базу данных
2025-04-18 20:40:53,569 - INFO - Результаты сохранены в data/gender_analysis_2643969088_20250418_204053.csv
2025-04-18 20:40:53,572 - INFO - 
Гендерное распределение для новых участников канала 2643969088:
2025-04-18 20:40:53,572 - INFO -      male: 82.07%
2025-04-18 20:40:53,572 - INFO -    female: 17.93%
2025-04-18 20:40:53,572 - INFO -   unknown: 0.00%
2025-04-18 20:40:53,572 - INFO - Анализ пола участников для канала 1391449855
2025-04-18 20:40:53,572 - INFO - Запрос участников канала 1391449855
2025-04-18 20:40:53,617 - INFO - Найдено 1253 участников
2025-04-18 20:40:53,622 - INFO - Всего участников в базе: 1253
2025-04-18 20:40:53,623 - INFO - Участников для анализа: 1253
2025-04-18 20:40:53,623 - INFO - Начинаем определение пола участников...
2025-04-18 20:41:01,547 - INFO - Сохранение результатов в базу данных...
2025-04-18 20:41:05,177 - INFO - Результаты сохранены в базу данных
2025-04-18 20:41:05,181 - INFO - Результаты сохранены в data/gender_analysis_1391449855_20250418_204105.csv
2025-04-18 20:41:05,183 - INFO - 
Гендерное распределение для новых участников канала 1391449855:
2025-04-18 20:41:05,183 - INFO -      male: 83.16%
2025-04-18 20:41:05,183 - INFO -    female: 16.84%
2025-04-18 20:41:05,183 - INFO -   unknown: 0.00%
2025-04-18 20:41:46,536 - INFO - Начало обновления схемы базы данных
2025-04-18 20:41:46,537 - INFO - Проверка совместимости схемы базы данных
2025-04-18 20:41:46,733 - INFO - Схема базы данных успешно обновлена
2025-04-18 20:41:46,774 - INFO - Используется устройство: CUDA
2025-04-18 20:41:46,774 - INFO - Загрузка модели для определения пола...
2025-04-18 20:41:47,823 - INFO - Модель загружена успешно
2025-04-18 20:41:47,824 - INFO - Анализ пола участников для канала 2643969088
2025-04-18 20:41:47,824 - INFO - Запрос участников канала 2643969088
2025-04-18 20:41:47,842 - INFO - Найдено 184 участников
2025-04-18 20:41:47,843 - INFO - Всего участников в базе: 184
2025-04-18 20:41:47,843 - INFO - Участников для анализа: 184
2025-04-18 20:41:47,843 - INFO - Начинаем определение пола участников...
2025-04-18 20:41:49,946 - INFO - Сохранение результатов в базу данных...
2025-04-18 20:41:50,452 - INFO - Результаты сохранены в базу данных
2025-04-18 20:41:50,455 - INFO - 
Гендерное распределение для новых участников канала 2643969088:
2025-04-18 20:41:50,455 - INFO -      male: 82.07%
2025-04-18 20:41:50,455 - INFO -    female: 17.93%
2025-04-18 20:41:50,455 - INFO -   unknown: 0.00%
2025-04-18 20:41:50,455 - INFO - Анализ пола участников для канала 1391449855
2025-04-18 20:41:50,455 - INFO - Запрос участников канала 1391449855
2025-04-18 20:41:50,500 - INFO - Найдено 1253 участников
2025-04-18 20:41:50,505 - INFO - Всего участников в базе: 1253
2025-04-18 20:41:50,505 - INFO - Участников для анализа: 1253
2025-04-18 20:41:50,505 - INFO - Начинаем определение пола участников...
2025-04-18 20:41:59,467 - INFO - Сохранение результатов в базу данных...
2025-04-18 20:42:03,748 - INFO - Результаты сохранены в базу данных
2025-04-18 20:42:03,750 - INFO - 
Гендерное распределение для новых участников канала 1391449855:
2025-04-18 20:42:03,750 - INFO -      male: 83.16%
2025-04-18 20:42:03,750 - INFO -    female: 16.84%
2025-04-18 20:42:03,750 - INFO -   unknown: 0.00%
2025-04-18 20:48:29,373 - INFO - Начало обновления схемы базы данных
2025-04-18 20:48:29,373 - INFO - Проверка совместимости схемы базы данных
2025-04-18 20:48:29,563 - INFO - Схема базы данных успешно обновлена
2025-04-18 20:48:29,604 - INFO - Используется устройство: CUDA
2025-04-18 20:48:29,604 - INFO - Загрузка модели для определения пола...
2025-04-18 20:48:30,758 - INFO - Модель загружена успешно
2025-04-18 20:48:30,758 - INFO - Анализ пола участников для канала 2643969088
2025-04-18 20:48:30,758 - INFO - Запрос участников канала 2643969088
2025-04-18 20:48:30,776 - INFO - Найдено 184 участников
2025-04-18 20:48:30,777 - INFO - Всего участников в базе: 184
2025-04-18 20:48:30,777 - INFO - Участников для анализа: 184
2025-04-18 20:48:30,777 - INFO - Начинаем определение пола участников...
2025-04-18 20:48:32,707 - INFO - Сохранение результатов в базу данных...
2025-04-18 20:48:33,247 - INFO - Результаты сохранены в базу данных
2025-04-18 20:48:33,249 - INFO - 
Гендерное распределение для новых участников канала 2643969088:
2025-04-18 20:48:33,250 - INFO -      male: 82.07%
2025-04-18 20:48:33,250 - INFO -    female: 17.93%
2025-04-18 20:48:33,250 - INFO -   unknown: 0.00%
2025-04-18 20:48:33,250 - INFO - Анализ пола участников для канала 1391449855
2025-04-18 20:48:33,250 - INFO - Запрос участников канала 1391449855
2025-04-18 20:48:33,292 - INFO - Найдено 1253 участников
2025-04-18 20:48:33,297 - INFO - Всего участников в базе: 1253
2025-04-18 20:48:33,297 - INFO - Участников для анализа: 1253
2025-04-18 20:48:33,298 - INFO - Начинаем определение пола участников...
2025-04-18 20:48:41,521 - INFO - Сохранение результатов в базу данных...
2025-04-18 20:48:45,091 - INFO - Результаты сохранены в базу данных
2025-04-18 20:48:45,093 - INFO - 
Гендерное распределение для новых участников канала 1391449855:
2025-04-18 20:48:45,093 - INFO -      male: 83.16%
2025-04-18 20:48:45,093 - INFO -    female: 16.84%
2025-04-18 20:48:45,093 - INFO -   unknown: 0.00%
2025-04-19 22:50:12,353 - INFO - Начало обновления схемы базы данных
2025-04-19 22:50:12,354 - INFO - Проверка совместимости схемы базы данных
2025-04-19 22:50:12,538 - INFO - Схема базы данных успешно обновлена
2025-04-19 22:50:12,636 - INFO - Используется устройство: CUDA
2025-04-19 22:50:12,636 - INFO - Загрузка модели для определения пола...
2025-04-19 22:50:15,697 - INFO - Модель загружена успешно
2025-04-19 22:50:15,698 - INFO - Анализ пола участников для канала 2643969088
2025-04-19 22:50:15,698 - INFO - Запрос участников канала 2643969088
2025-04-19 22:50:15,720 - INFO - Найдено 213 участников
2025-04-19 22:50:15,722 - INFO - Всего участников в базе: 213
2025-04-19 22:50:15,722 - INFO - Участников для анализа: 213
2025-04-19 22:50:15,722 - INFO - Начинаем определение пола участников...
2025-04-19 22:50:18,349 - INFO - Сохранение результатов в базу данных...
2025-04-19 22:50:18,969 - INFO - Результаты сохранены в базу данных
2025-04-19 22:50:18,988 - INFO - 
Гендерное распределение для новых участников канала 2643969088:
2025-04-19 22:50:18,989 - INFO -      male: 82.16%
2025-04-19 22:50:18,989 - INFO -    female: 17.84%
2025-04-19 22:50:18,989 - INFO -   unknown: 0.00%
2025-04-19 22:50:18,989 - INFO - Анализ пола участников для канала 1391449855
2025-04-19 22:50:18,989 - INFO - Запрос участников канала 1391449855
2025-04-19 22:50:19,036 - INFO - Найдено 1341 участников
2025-04-19 22:50:19,042 - INFO - Всего участников в базе: 1341
2025-04-19 22:50:19,042 - INFO - Участников для анализа: 1341
2025-04-19 22:50:19,043 - INFO - Начинаем определение пола участников...
2025-04-19 22:50:27,118 - INFO - Сохранение результатов в базу данных...
2025-04-19 22:50:30,732 - INFO - Результаты сохранены в базу данных
2025-04-19 22:50:30,734 - INFO - 
Гендерное распределение для новых участников канала 1391449855:
2025-04-19 22:50:30,734 - INFO -      male: 83.52%
2025-04-19 22:50:30,734 - INFO -    female: 16.48%
2025-04-19 22:50:30,734 - INFO -   unknown: 0.00%
